This is pdfTeX, Version 3.14159265-2.6-1.40.16 (TeX Live 2015) (preloaded format=pdflatex 2015.10.6)  16 AUG 2016 22:53
entering extended mode
 restricted \write18 enabled.
 %&-line parsing enabled.
**main.tex
(./main.tex
LaTeX2e <2015/01/01>
Babel <3.9l> and hyphenation patterns for 79 languages loaded.
(/usr/local/texlive/2015/texmf-dist/tex/latex/base/book.cls
Document Class: book 2014/09/29 v1.4h Standard LaTeX document class
(/usr/local/texlive/2015/texmf-dist/tex/latex/base/bk12.clo
File: bk12.clo 2014/09/29 v1.4h Standard LaTeX file (size option)
)
\c@part=\count79
\c@chapter=\count80
\c@section=\count81
\c@subsection=\count82
\c@subsubsection=\count83
\c@paragraph=\count84
\c@subparagraph=\count85
\c@figure=\count86
\c@table=\count87
\abovecaptionskip=\skip41
\belowcaptionskip=\skip42
\bibindent=\dimen102
)
(/usr/local/texlive/2015/texmf-dist/tex/generic/babel/babel.sty
Package: babel 2014/09/25 3.9l The Babel package

(/usr/local/texlive/2015/texmf-dist/tex/generic/babel-english/english.ldf
Language: english 2012/08/20 v3.3p English support from the babel system

(/usr/local/texlive/2015/texmf-dist/tex/generic/babel/babel.def
File: babel.def 2014/09/25 3.9l Babel common definitions
\babel@savecnt=\count88
\U@D=\dimen103
)
\l@canadian = a dialect from \language\l@american 
\l@australian = a dialect from \language\l@british 
\l@newzealand = a dialect from \language\l@british 
))
(/usr/local/texlive/2015/texmf-dist/tex/latex/base/inputenc.sty
Package: inputenc 2015/03/17 v1.2c Input encoding file
\inpenc@prehook=\toks14
\inpenc@posthook=\toks15

(/usr/local/texlive/2015/texmf-dist/tex/latex/ucs/utf8x.def
File: utf8x.def 2004/10/17 UCS: Input encoding UTF-8
))
(/usr/local/texlive/2015/texmf-dist/tex/latex/ucs/ucs.sty
Package: ucs 2013/05/11 v2.2 UCS: Unicode input support

(/usr/local/texlive/2015/texmf-dist/tex/latex/ucs/data/uni-global.def
File: uni-global.def 2013/05/13 UCS: Unicode global data
)
\uc@secondtry=\count89
\uc@combtoks=\toks16
\uc@combtoksb=\toks17
\uc@temptokena=\toks18
)
(/usr/local/texlive/2015/texmf-dist/tex/latex/ucs/data/uni-1.def
File: uni-1.def 2013/05/13 UCS: Unicode data U+0100..U+01FF
)
(/usr/local/texlive/2015/texmf-dist/tex/latex/ucs/data/uni-0.def
File: uni-0.def 2013/05/13 UCS: Unicode data U+0000..U+00FF
)
(/usr/local/texlive/2015/texmf-dist/tex/latex/amsfonts/amssymb.sty
Package: amssymb 2013/01/14 v3.01 AMS font symbols

(/usr/local/texlive/2015/texmf-dist/tex/latex/amsfonts/amsfonts.sty
Package: amsfonts 2013/01/14 v3.01 Basic AMSFonts support
\@emptytoks=\toks19
\symAMSa=\mathgroup4
\symAMSb=\mathgroup5
LaTeX Font Info:    Overwriting math alphabet `\mathfrak' in version `bold'
(Font)                  U/euf/m/n --> U/euf/b/n on input line 106.
))
(/usr/local/texlive/2015/texmf-dist/tex/latex/amsmath/amsmath.sty
Package: amsmath 2013/01/14 v2.14 AMS math features
\@mathmargin=\skip43

For additional information on amsmath, use the `?' option.
(/usr/local/texlive/2015/texmf-dist/tex/latex/amsmath/amstext.sty
Package: amstext 2000/06/29 v2.01

(/usr/local/texlive/2015/texmf-dist/tex/latex/amsmath/amsgen.sty
File: amsgen.sty 1999/11/30 v2.0
\@emptytoks=\toks20
\ex@=\dimen104
))
(/usr/local/texlive/2015/texmf-dist/tex/latex/amsmath/amsbsy.sty
Package: amsbsy 1999/11/29 v1.2d
\pmbraise@=\dimen105
)
(/usr/local/texlive/2015/texmf-dist/tex/latex/amsmath/amsopn.sty
Package: amsopn 1999/12/14 v2.01 operator names
)
\inf@bad=\count90
LaTeX Info: Redefining \frac on input line 210.
\uproot@=\count91
\leftroot@=\count92
LaTeX Info: Redefining \overline on input line 306.
\classnum@=\count93
\DOTSCASE@=\count94
LaTeX Info: Redefining \ldots on input line 378.
LaTeX Info: Redefining \dots on input line 381.
LaTeX Info: Redefining \cdots on input line 466.
\Mathstrutbox@=\box26
\strutbox@=\box27
\big@size=\dimen106
LaTeX Font Info:    Redeclaring font encoding OML on input line 566.
LaTeX Font Info:    Redeclaring font encoding OMS on input line 567.
\macc@depth=\count95
\c@MaxMatrixCols=\count96
\dotsspace@=\muskip10
\c@parentequation=\count97
\dspbrk@lvl=\count98
\tag@help=\toks21
\row@=\count99
\column@=\count100
\maxfields@=\count101
\andhelp@=\toks22
\eqnshift@=\dimen107
\alignsep@=\dimen108
\tagshift@=\dimen109
\tagwidth@=\dimen110
\totwidth@=\dimen111
\lineht@=\dimen112
\@envbody=\toks23
\multlinegap=\skip44
\multlinetaggap=\skip45
\mathdisplay@stack=\toks24
LaTeX Info: Redefining \[ on input line 2665.
LaTeX Info: Redefining \] on input line 2666.
)
(/usr/local/texlive/2015/texmf-dist/tex/latex/pdfpages/pdfpages.sty
Package: pdfpages 2015/05/11 v0.4x Insert pages of external PDF documents (AM)

(/usr/local/texlive/2015/texmf-dist/tex/latex/base/ifthen.sty
Package: ifthen 2014/09/29 v1.1c Standard LaTeX ifthen package (DPC)
)
(/usr/local/texlive/2015/texmf-dist/tex/latex/tools/calc.sty
Package: calc 2014/10/28 v4.3 Infix arithmetic (KKT,FJ)
\calc@Acount=\count102
\calc@Bcount=\count103
\calc@Adimen=\dimen113
\calc@Bdimen=\dimen114
\calc@Askip=\skip46
\calc@Bskip=\skip47
LaTeX Info: Redefining \setlength on input line 80.
LaTeX Info: Redefining \addtolength on input line 81.
\calc@Ccount=\count104
\calc@Cskip=\skip48
)
(/usr/local/texlive/2015/texmf-dist/tex/latex/eso-pic/eso-pic.sty
Package: eso-pic 2015/04/20 v2.0e eso-pic (RN)

(/usr/local/texlive/2015/texmf-dist/tex/generic/oberdiek/atbegshi.sty
Package: atbegshi 2011/10/05 v1.16 At begin shipout hook (HO)

(/usr/local/texlive/2015/texmf-dist/tex/generic/oberdiek/infwarerr.sty
Package: infwarerr 2010/04/08 v1.3 Providing info/warning/error messages (HO)
)
(/usr/local/texlive/2015/texmf-dist/tex/generic/oberdiek/ltxcmds.sty
Package: ltxcmds 2011/11/09 v1.22 LaTeX kernel commands for general use (HO)
)
(/usr/local/texlive/2015/texmf-dist/tex/generic/oberdiek/ifpdf.sty
Package: ifpdf 2011/01/30 v2.3 Provides the ifpdf switch (HO)
Package ifpdf Info: pdfTeX in PDF mode is detected.
))
(/usr/local/texlive/2015/texmf-dist/tex/latex/graphics/keyval.sty
Package: keyval 2014/10/28 v1.15 key=value parser (DPC)
\KV@toks@=\toks25
)
(/usr/local/texlive/2015/texmf-dist/tex/latex/xcolor/xcolor.sty
Package: xcolor 2007/01/21 v2.11 LaTeX color extensions (UK)

(/usr/local/texlive/2015/texmf-dist/tex/latex/latexconfig/color.cfg
File: color.cfg 2007/01/18 v1.5 color configuration of teTeX/TeXLive
)
Package xcolor Info: Driver file: pdftex.def on input line 225.

(/usr/local/texlive/2015/texmf-dist/tex/latex/pdftex-def/pdftex.def
File: pdftex.def 2011/05/27 v0.06d Graphics/color for pdfTeX
\Gread@gobject=\count105
)
Package xcolor Info: Model `cmy' substituted by `cmy0' on input line 1337.
Package xcolor Info: Model `hsb' substituted by `rgb' on input line 1341.
Package xcolor Info: Model `RGB' extended on input line 1353.
Package xcolor Info: Model `HTML' substituted by `rgb' on input line 1355.
Package xcolor Info: Model `Hsb' substituted by `hsb' on input line 1356.
Package xcolor Info: Model `tHsb' substituted by `hsb' on input line 1357.
Package xcolor Info: Model `HSB' substituted by `hsb' on input line 1358.
Package xcolor Info: Model `Gray' substituted by `gray' on input line 1359.
Package xcolor Info: Model `wave' substituted by `hsb' on input line 1360.
))
(/usr/local/texlive/2015/texmf-dist/tex/latex/graphics/graphicx.sty
Package: graphicx 2014/10/28 v1.0g Enhanced LaTeX Graphics (DPC,SPQR)

(/usr/local/texlive/2015/texmf-dist/tex/latex/graphics/graphics.sty
Package: graphics 2014/10/28 v1.0p Standard LaTeX Graphics (DPC,SPQR)

(/usr/local/texlive/2015/texmf-dist/tex/latex/graphics/trig.sty
Package: trig 1999/03/16 v1.09 sin cos tan (DPC)
)
(/usr/local/texlive/2015/texmf-dist/tex/latex/latexconfig/graphics.cfg
File: graphics.cfg 2010/04/23 v1.9 graphics configuration of TeX Live
)
Package graphics Info: Driver file: pdftex.def on input line 94.
)
\Gin@req@height=\dimen115
\Gin@req@width=\dimen116
)
\AM@pagewidth=\dimen117
\AM@pageheight=\dimen118

(/usr/local/texlive/2015/texmf-dist/tex/latex/pdfpages/pppdftex.def
File: pppdftex.def 2015/05/11 v0.4x Pdfpages driver for pdfTeX (AM)
)
\AM@pagebox=\box28
\AM@toc@title=\toks26
\c@AM@survey=\count106
\AM@templatesizebox=\box29
)
(/usr/local/texlive/2015/texmf-dist/tex/latex/hyperref/hyperref.sty
Package: hyperref 2012/11/06 v6.83m Hypertext links for LaTeX

(/usr/local/texlive/2015/texmf-dist/tex/generic/oberdiek/hobsub-hyperref.sty
Package: hobsub-hyperref 2012/05/28 v1.13 Bundle oberdiek, subset hyperref (HO)


(/usr/local/texlive/2015/texmf-dist/tex/generic/oberdiek/hobsub-generic.sty
Package: hobsub-generic 2012/05/28 v1.13 Bundle oberdiek, subset generic (HO)
Package: hobsub 2012/05/28 v1.13 Construct package bundles (HO)
Package hobsub Info: Skipping package `infwarerr' (already loaded).
Package hobsub Info: Skipping package `ltxcmds' (already loaded).
Package: ifluatex 2010/03/01 v1.3 Provides the ifluatex switch (HO)
Package ifluatex Info: LuaTeX not detected.
Package: ifvtex 2010/03/01 v1.5 Detect VTeX and its facilities (HO)
Package ifvtex Info: VTeX not detected.
Package: intcalc 2007/09/27 v1.1 Expandable calculations with integers (HO)
Package hobsub Info: Skipping package `ifpdf' (already loaded).
Package: etexcmds 2011/02/16 v1.5 Avoid name clashes with e-TeX commands (HO)
Package etexcmds Info: Could not find \expanded.
(etexcmds)             That can mean that you are not using pdfTeX 1.50 or
(etexcmds)             that some package has redefined \expanded.
(etexcmds)             In the latter case, load this package earlier.
Package: kvsetkeys 2012/04/25 v1.16 Key value parser (HO)
Package: kvdefinekeys 2011/04/07 v1.3 Define keys (HO)
Package: pdftexcmds 2011/11/29 v0.20 Utility functions of pdfTeX for LuaTeX (HO
)
Package pdftexcmds Info: LuaTeX not detected.
Package pdftexcmds Info: \pdf@primitive is available.
Package pdftexcmds Info: \pdf@ifprimitive is available.
Package pdftexcmds Info: \pdfdraftmode found.
Package: pdfescape 2011/11/25 v1.13 Implements pdfTeX's escape features (HO)
Package: bigintcalc 2012/04/08 v1.3 Expandable calculations on big integers (HO
)
Package: bitset 2011/01/30 v1.1 Handle bit-vector datatype (HO)
Package: uniquecounter 2011/01/30 v1.2 Provide unlimited unique counter (HO)
)
Package hobsub Info: Skipping package `hobsub' (already loaded).
Package: letltxmacro 2010/09/02 v1.4 Let assignment for LaTeX macros (HO)
Package: hopatch 2012/05/28 v1.2 Wrapper for package hooks (HO)
Package: xcolor-patch 2011/01/30 xcolor patch
Package: atveryend 2011/06/30 v1.8 Hooks at the very end of document (HO)
Package atveryend Info: \enddocument detected (standard20110627).
Package hobsub Info: Skipping package `atbegshi' (already loaded).
Package: refcount 2011/10/16 v3.4 Data extraction from label references (HO)
Package: hycolor 2011/01/30 v1.7 Color options for hyperref/bookmark (HO)
)
(/usr/local/texlive/2015/texmf-dist/tex/generic/ifxetex/ifxetex.sty
Package: ifxetex 2010/09/12 v0.6 Provides ifxetex conditional
)
(/usr/local/texlive/2015/texmf-dist/tex/latex/oberdiek/auxhook.sty
Package: auxhook 2011/03/04 v1.3 Hooks for auxiliary files (HO)
)
(/usr/local/texlive/2015/texmf-dist/tex/latex/oberdiek/kvoptions.sty
Package: kvoptions 2011/06/30 v3.11 Key value format for package options (HO)
)
\@linkdim=\dimen119
\Hy@linkcounter=\count107
\Hy@pagecounter=\count108

(/usr/local/texlive/2015/texmf-dist/tex/latex/hyperref/pd1enc.def
File: pd1enc.def 2012/11/06 v6.83m Hyperref: PDFDocEncoding definition (HO)
)
\Hy@SavedSpaceFactor=\count109

(/usr/local/texlive/2015/texmf-dist/tex/latex/latexconfig/hyperref.cfg
File: hyperref.cfg 2002/06/06 v1.2 hyperref configuration of TeXLive
)
Package hyperref Info: Hyper figures OFF on input line 4443.
Package hyperref Info: Link nesting OFF on input line 4448.
Package hyperref Info: Hyper index ON on input line 4451.
Package hyperref Info: Plain pages OFF on input line 4458.
Package hyperref Info: Backreferencing OFF on input line 4463.
Package hyperref Info: Implicit mode ON; LaTeX internals redefined.
Package hyperref Info: Bookmarks ON on input line 4688.
\c@Hy@tempcnt=\count110

(/usr/local/texlive/2015/texmf-dist/tex/latex/url/url.sty
\Urlmuskip=\muskip11
Package: url 2013/09/16  ver 3.4  Verb mode for urls, etc.
)
LaTeX Info: Redefining \url on input line 5041.
\XeTeXLinkMargin=\dimen120
\Fld@menulength=\count111
\Field@Width=\dimen121
\Fld@charsize=\dimen122
Package hyperref Info: Hyper figures OFF on input line 6295.
Package hyperref Info: Link nesting OFF on input line 6300.
Package hyperref Info: Hyper index ON on input line 6303.
Package hyperref Info: backreferencing OFF on input line 6310.
Package hyperref Info: Link coloring OFF on input line 6315.
Package hyperref Info: Link coloring with OCG OFF on input line 6320.
Package hyperref Info: PDF/A mode OFF on input line 6325.
LaTeX Info: Redefining \ref on input line 6365.
LaTeX Info: Redefining \pageref on input line 6369.
\Hy@abspage=\count112
\c@Item=\count113
\c@Hfootnote=\count114
)

Package hyperref Message: Driver (autodetected): hpdftex.

(/usr/local/texlive/2015/texmf-dist/tex/latex/hyperref/hpdftex.def
File: hpdftex.def 2012/11/06 v6.83m Hyperref driver for pdfTeX
\Fld@listcount=\count115
\c@bookmark@seq@number=\count116

(/usr/local/texlive/2015/texmf-dist/tex/latex/oberdiek/rerunfilecheck.sty
Package: rerunfilecheck 2011/04/15 v1.7 Rerun checks for auxiliary files (HO)
Package uniquecounter Info: New unique counter `rerunfilecheck' on input line 2
82.
)
\Hy@SectionHShift=\skip49
)
(/usr/local/texlive/2015/texmf-dist/tex/latex/amscls/amsthm.sty
Package: amsthm 2015/03/04 v2.20.2
\thm@style=\toks27
\thm@bodyfont=\toks28
\thm@headfont=\toks29
\thm@notefont=\toks30
\thm@headpunct=\toks31
\thm@preskip=\skip50
\thm@postskip=\skip51
\thm@headsep=\skip52
\dth@everypar=\toks32
)
(/usr/local/texlive/2015/texmf-dist/tex/latex/tools/bm.sty
Package: bm 2014/10/28 v1.1c Bold Symbol Support (DPC/FMi)
\symboldoperators=\mathgroup6
\symboldletters=\mathgroup7
\symboldsymbols=\mathgroup8
LaTeX Font Info:    Redeclaring math alphabet \mathbf on input line 141.
LaTeX Info: Redefining \bm on input line 207.
)
(/usr/local/texlive/2015/texmf-dist/tex/latex/float/float.sty
Package: float 2001/11/08 v1.3d Float enhancements (AL)
\c@float@type=\count117
\float@exts=\toks33
\float@box=\box30
\@float@everytoks=\toks34
\@floatcapt=\box31
)
(/usr/local/texlive/2015/texmf-dist/tex/latex/wrapfig/wrapfig.sty
\wrapoverhang=\dimen123
\WF@size=\dimen124
\c@WF@wrappedlines=\count118
\WF@box=\box32
\WF@everypar=\toks35
Package: wrapfig 2003/01/31  v 3.6
)
(/usr/local/texlive/2015/texmf-dist/tex/latex/caption/caption.sty
Package: caption 2013/05/02 v3.3-89 Customizing captions (AR)

(/usr/local/texlive/2015/texmf-dist/tex/latex/caption/caption3.sty
Package: caption3 2013/05/02 v1.6-88 caption3 kernel (AR)
Package caption3 Info: TeX engine: e-TeX on input line 57.
\captionmargin=\dimen125
\captionmargin@=\dimen126
\captionwidth=\dimen127
\caption@tempdima=\dimen128
\caption@indent=\dimen129
\caption@parindent=\dimen130
\caption@hangindent=\dimen131
)
\c@ContinuedFloat=\count119
Package caption Info: float package is loaded.
Package caption Info: hyperref package is loaded.
Package caption Info: wrapfig package is loaded.
)
(/usr/local/texlive/2015/texmf-dist/tex/latex/mathtools/mathtools.sty
Package: mathtools 2015/05/11 v1.16 mathematical typesetting tools

(/usr/local/texlive/2015/texmf-dist/tex/latex/mathtools/mhsetup.sty
Package: mhsetup 2010/01/21 v1.2a programming setup (MH)
)
LaTeX Info: Thecontrolsequence`\('isalreadyrobust on input line 129.
LaTeX Info: Thecontrolsequence`\)'isalreadyrobust on input line 129.
LaTeX Info: Thecontrolsequence`\['isalreadyrobust on input line 129.
LaTeX Info: Thecontrolsequence`\]'isalreadyrobust on input line 129.
\g_MT_multlinerow_int=\count120
\l_MT_multwidth_dim=\dimen132
\origjot=\skip53
\l_MT_shortvdotswithinadjustabove_dim=\dimen133
\l_MT_shortvdotswithinadjustbelow_dim=\dimen134
\l_MT_above_intertext_sep=\dimen135
\l_MT_below_intertext_sep=\dimen136
\l_MT_above_shortintertext_sep=\dimen137
\l_MT_below_shortintertext_sep=\dimen138
)
(/usr/local/texlive/2015/texmf-dist/tex/latex/placeins/placeins.sty
Package: placeins 2005/04/18  v 2.2
)
(/usr/local/texlive/2015/texmf-dist/tex/latex/rotating/rotating.sty
Package: rotating 2009/03/28 v2.16a rotated objects in LaTeX
\c@r@tfl@t=\count121
\rotFPtop=\skip54
\rotFPbot=\skip55
\rot@float@box=\box33
\rot@mess@toks=\toks36
)
(/usr/local/texlive/2015/texmf-dist/tex/latex/siunitx/siunitx.sty
(/usr/local/texlive/2015/texmf-dist/tex/latex/l3kernel/expl3.sty
Package: expl3 2015/03/01 v5547 L3 programming layer (loader) 

(/usr/local/texlive/2015/texmf-dist/tex/latex/l3kernel/expl3-code.tex
Package: expl3 2015/03/01 v5547 L3 programming layer (code) 
L3 Module: l3bootstrap 2015/02/28 v5542 L3 Bootstrap code
L3 Module: l3names 2015/02/24 v5535 L3 Namespace for primitives
L3 Module: l3basics 2015/01/27 v5500 L3 Basic definitions
L3 Module: l3expan 2014/11/27 v5472 L3 Argument expansion
L3 Module: l3tl 2015/01/27 v5500 L3 Token lists
L3 Module: l3str 2015/03/01 v5545 L3 Strings
L3 Module: l3seq 2014/08/23 v5354 L3 Sequences and stacks
L3 Module: l3int 2015/02/21 v5529 L3 Integers
\c_max_int=\count122
\l_tmpa_int=\count123
\l_tmpb_int=\count124
\g_tmpa_int=\count125
\g_tmpb_int=\count126
L3 Module: l3quark 2014/08/23 v5354 L3 Quarks
L3 Module: l3prg 2014/08/23 v5354 L3 Control structures
\g__prg_map_int=\count127
L3 Module: l3clist 2014/08/23 v5354 L3 Comma separated lists
L3 Module: l3token 2014/09/15 v5422 L3 Experimental token manipulation
L3 Module: l3prop 2014/08/23 v5354 L3 Property lists
L3 Module: l3msg 2015/02/26 v5537 L3 Messages
L3 Module: l3file 2014/08/24 v5369 L3 File and I/O operations
\l_iow_line_count_int=\count128
\l__iow_target_count_int=\count129
\l__iow_current_line_int=\count130
\l__iow_current_word_int=\count131
\l__iow_current_indentation_int=\count132
L3 Module: l3skip 2014/08/23 v5354 L3 Dimensions and skips
\c_zero_dim=\dimen139
\c_max_dim=\dimen140
\l_tmpa_dim=\dimen141
\l_tmpb_dim=\dimen142
\g_tmpa_dim=\dimen143
\g_tmpb_dim=\dimen144
\c_zero_skip=\skip56
\c_max_skip=\skip57
\l_tmpa_skip=\skip58
\l_tmpb_skip=\skip59
\g_tmpa_skip=\skip60
\g_tmpb_skip=\skip61
\c_zero_muskip=\muskip12
\c_max_muskip=\muskip13
\l_tmpa_muskip=\muskip14
\l_tmpb_muskip=\muskip15
\g_tmpa_muskip=\muskip16
\g_tmpb_muskip=\muskip17
L3 Module: l3keys 2015/01/27 v5500 L3 Key-value interfaces
\g__keyval_level_int=\count133
\l_keys_choice_int=\count134
L3 Module: l3fp 2014/08/22 v5336 L3 Floating points
\c__fp_leading_shift_int=\count135
\c__fp_middle_shift_int=\count136
\c__fp_trailing_shift_int=\count137
\c__fp_big_leading_shift_int=\count138
\c__fp_big_middle_shift_int=\count139
\c__fp_big_trailing_shift_int=\count140
\c__fp_Bigg_leading_shift_int=\count141
\c__fp_Bigg_middle_shift_int=\count142
\c__fp_Bigg_trailing_shift_int=\count143
L3 Module: l3box 2014/08/23 v5354 L3 Experimental boxes
\c_empty_box=\box34
\l_tmpa_box=\box35
\l_tmpb_box=\box36
\g_tmpa_box=\box37
\g_tmpb_box=\box38
L3 Module: l3coffins 2014/08/23 v5354 L3 Coffin code layer
\l__coffin_internal_box=\box39
\l__coffin_internal_dim=\dimen145
\l__coffin_offset_x_dim=\dimen146
\l__coffin_offset_y_dim=\dimen147
\l__coffin_x_dim=\dimen148
\l__coffin_y_dim=\dimen149
\l__coffin_x_prime_dim=\dimen150
\l__coffin_y_prime_dim=\dimen151
\c_empty_coffin=\box40
\l__coffin_aligned_coffin=\box41
\l__coffin_aligned_internal_coffin=\box42
\l_tmpa_coffin=\box43
\l_tmpb_coffin=\box44
\l__coffin_display_coffin=\box45
\l__coffin_display_coord_coffin=\box46
\l__coffin_display_pole_coffin=\box47
\l__coffin_display_offset_dim=\dimen152
\l__coffin_display_x_dim=\dimen153
\l__coffin_display_y_dim=\dimen154
L3 Module: l3color 2014/08/23 v5354 L3 Experimental color support
L3 Module: l3candidates 2015/03/01 v5544 L3 Experimental additions to l3kernel
\l__box_top_dim=\dimen155
\l__box_bottom_dim=\dimen156
\l__box_left_dim=\dimen157
\l__box_right_dim=\dimen158
\l__box_top_new_dim=\dimen159
\l__box_bottom_new_dim=\dimen160
\l__box_left_new_dim=\dimen161
\l__box_right_new_dim=\dimen162
\l__box_internal_box=\box48
\l__coffin_bounding_shift_dim=\dimen163
\l__coffin_left_corner_dim=\dimen164
\l__coffin_right_corner_dim=\dimen165
\l__coffin_bottom_corner_dim=\dimen166
\l__coffin_top_corner_dim=\dimen167
\l__coffin_scaled_total_height_dim=\dimen168
\l__coffin_scaled_width_dim=\dimen169
)
(/usr/local/texlive/2015/texmf-dist/tex/latex/l3kernel/l3unicode-data.def
File: l3unicode-data.def 2015/03/01 v5544 L3 Unicode data
)
(/usr/local/texlive/2015/texmf-dist/tex/latex/l3kernel/l3pdfmode.def
File: l3pdfmode.def 2015/03/01 v5544 L3 Experimental driver: PDF mode
\l__driver_color_stack_int=\count144
))
(/usr/local/texlive/2015/texmf-dist/tex/latex/l3packages/xparse/xparse.sty
Package: xparse 2014/11/25 v5471 L3 Experimental document command parser
\l__xparse_current_arg_int=\count145
\l__xparse_m_args_int=\count146
\l__xparse_mandatory_args_int=\count147
\l__xparse_processor_int=\count148
\l__xparse_v_nesting_int=\count149
)
Package: siunitx 2015/01/21 v2.6e A comprehensive (SI) units package

(/usr/local/texlive/2015/texmf-dist/tex/latex/tools/array.sty
Package: array 2014/10/28 v2.4c Tabular extension package (FMi)
\col@sep=\dimen170
\extrarowheight=\dimen171
\NC@list=\toks37
\extratabsurround=\skip62
\backup@length=\skip63
)
(/usr/local/texlive/2015/texmf-dist/tex/latex/l3packages/l3keys2e/l3keys2e.sty
Package: l3keys2e 2014/11/25 v5471 LaTeX2e option processing using LaTeX3 keys
)
Variant \tl_if_blank:VTF already defined; not changing it on line 50
\l__siunitx_tmp_box=\box49
\l__siunitx_tmp_dim=\dimen172
\l__siunitx_tmp_int=\count150
Variant \prop_get:NVNT already defined; not changing it on line 380
Variant \prop_get:NVNF already defined; not changing it on line 381
Variant \prop_get:NVNTF already defined; not changing it on line 382
\l__siunitx_number_mantissa_length_int=\count151
\l__siunitx_number_uncert_length_int=\count152
\l__siunitx_round_int=\count153
\l__siunitx_process_decimal_int=\count154
\l__siunitx_process_uncertainty_int=\count155
\l__siunitx_process_fixed_int=\count156
\l__siunitx_process_integer_min_int=\count157
\l__siunitx_process_precision_int=\count158
\l__siunitx_group_min_int=\count159
\l__siunitx_angle_marker_box=\box50
\l__siunitx_angle_unit_box=\box51
\l__siunitx_angle_marker_dim=\dimen173
\l__siunitx_angle_unit_dim=\dimen174
\l__siunitx_unit_int=\count160
\l__siunitx_unit_denominator_int=\count161
\l__siunitx_unit_numerator_int=\count162
\l__siunitx_unit_prefix_int=\count163
\l__siunitx_unit_prefix_base_int=\count164
\l__siunitx_unit_prefix_gram_int=\count165
\l__siunitx_number_product_int=\count166
\c__siunitx_one_fill_skip=\skip64
\l__siunitx_table_unit_align_skip=\skip65
\l__siunitx_table_exponent_dim=\dimen175
\l__siunitx_table_integer_dim=\dimen176
\l__siunitx_table_mantissa_dim=\dimen177
\l__siunitx_table_marker_dim=\dimen178
\l__siunitx_table_result_dim=\dimen179
\l__siunitx_table_uncert_dim=\dimen180
\l__siunitx_table_fill_pre_dim=\dimen181
\l__siunitx_table_fill_post_dim=\dimen182
\l__siunitx_table_fill_mid_dim=\dimen183
\l__siunitx_table_pre_box=\box52
\l__siunitx_table_post_box=\box53
\l__siunitx_table_mantissa_box=\box54
\l__siunitx_table_result_box=\box55
\l__siunitx_table_number_align_skip=\skip66
\l__siunitx_table_text_align_skip=\skip67
.................................................
. LaTeX info: "xparse/define-command"
. 
. Defining command \DeclareBinaryPrefix with sig. 'mmm' on line 7176.
.................................................
.................................................
. LaTeX info: "xparse/define-command"
. 
. Defining command \DeclareSIPostPower with sig. 'mm' on line 7179.
.................................................
.................................................
. LaTeX info: "xparse/define-command"
. 
. Defining command \DeclareSIPrefix with sig. 'mmm' on line 7182.
.................................................
.................................................
. LaTeX info: "xparse/define-command"
. 
. Defining command \DeclareSIPrePower with sig. 'mm' on line 7185.
.................................................
.................................................
. LaTeX info: "xparse/define-command"
. 
. Defining command \DeclareSIQualifier with sig. 'mm' on line 7188.
.................................................
.................................................
. LaTeX info: "xparse/define-command"
. 
. Defining command \DeclareSIUnit with sig. 'O{}mm' on line 7191.
.................................................
.................................................
. LaTeX info: "xparse/define-command"
. 
. Defining command \DeclareSIUnitWithOptions with sig. 'mmm' on line 7194.
.................................................
.................................................
. LaTeX info: "xparse/define-command"
. 
. Defining command \ang with sig. 'o>{\SplitArgument {2}{;}}m' on line 7209.
.................................................
.................................................
. LaTeX info: "xparse/define-command"
. 
. Defining command \num with sig. 'om' on line 7217.
.................................................
.................................................
. LaTeX info: "xparse/define-command"
. 
. Defining command \numlist with sig. 'o>{\SplitList {;}}m' on line 7225.
.................................................
.................................................
. LaTeX info: "xparse/define-command"
. 
. Defining command \numrange with sig. 'omm' on line 7233.
.................................................
.................................................
. LaTeX info: "xparse/define-command"
. 
. Defining command \SIlist with sig. 'o>{\SplitList {;}}mm' on line 7244.
.................................................
.................................................
. LaTeX info: "xparse/define-command"
. 
. Defining command \SIrange with sig. 'ommm' on line 7255.
.................................................
.................................................
. LaTeX info: "xparse/define-command"
. 
. Defining command \SI with sig. 'omom' on line 7266.
.................................................
.................................................
. LaTeX info: "xparse/define-command"
. 
. Defining command \sisetup with sig. 'm' on line 7269.
.................................................
.................................................
. LaTeX info: "xparse/define-command"
. 
. Defining command \tablenum with sig. 'om' on line 7281.
.................................................
.................................................
. LaTeX info: "xparse/define-command"
. 
. Defining command \si with sig. 'om' on line 7292.
.................................................
.................................................
. LaTeX info: "xparse/define-command"
. 
. Defining command \__siunitx_bookmark_num:w with sig. 'om' on line 7339.
.................................................
.................................................
. LaTeX info: "xparse/define-command"
. 
. Defining command \__siunitx_bookmark_numrange:w with sig. 'omm' on line
. 7341.
.................................................
.................................................
. LaTeX info: "xparse/define-command"
. 
. Defining command \__siunitx_bookmark_SI:w with sig. 'omom' on line 7343.
.................................................
.................................................
. LaTeX info: "xparse/define-command"
. 
. Defining command \__siunitx_bookmark_SIlist:w with sig. 'omm' on line 7345.
.................................................
.................................................
. LaTeX info: "xparse/define-command"
. 
. Defining command \__siunitx_bookmark_SIrange:w with sig. 'ommm' on line
. 7347.
.................................................
.................................................
. LaTeX info: "xparse/define-command"
. 
. Defining command \__siunitx_bookmark_si:w with sig. 'om' on line 7348.
.................................................
\g__file_internal_ior=\read1
(/usr/local/texlive/2015/texmf-dist/tex/latex/beamer/translator/translator.sty
Package: translator 2010/06/12 ver 1.10

(/usr/local/texlive/2015/texmf-dist/tex/latex/beamer/translator/translator-lang
uage-mappings.tex)))
(/usr/local/texlive/2015/texmf-dist/tex/latex/multirow/multirow.sty
\bigstrutjot=\dimen184
)
(/usr/local/texlive/2015/texmf-dist/tex/latex/oberdiek/epstopdf.sty
Package: epstopdf 2010/02/09 v2.5 Conversion with epstopdf on the fly (HO)

(/usr/local/texlive/2015/texmf-dist/tex/latex/oberdiek/epstopdf-base.sty
Package: epstopdf-base 2010/02/09 v2.5 Base part for package epstopdf

(/usr/local/texlive/2015/texmf-dist/tex/latex/oberdiek/grfext.sty
Package: grfext 2010/08/19 v1.1 Manage graphics extensions (HO)
)
Package grfext Info: Graphics extension search list:
(grfext)             [.png,.pdf,.jpg,.mps,.jpeg,.jbig2,.jb2,.PNG,.PDF,.JPG,.JPE
G,.JBIG2,.JB2,.eps]
(grfext)             \AppendGraphicsExtensions on input line 452.

(/usr/local/texlive/2015/texmf-dist/tex/latex/latexconfig/epstopdf-sys.cfg
File: epstopdf-sys.cfg 2010/07/13 v1.3 Configuration of (r)epstopdf for TeX Liv
e
)))
(/usr/local/texlive/2015/texmf-dist/tex/latex/tools/enumerate.sty
Package: enumerate 2014/10/28 v3.00 enumerate extensions (DPC)
\@enLab=\toks38
)
(/usr/local/texlive/2015/texmf-dist/tex/latex/tools/tabularx.sty
Package: tabularx 2014/10/28 v2.10 `tabularx' package (DPC)
\TX@col@width=\dimen185
\TX@old@table=\dimen186
\TX@old@col=\dimen187
\TX@target=\dimen188
\TX@delta=\dimen189
\TX@cols=\count167
\TX@ftn=\toks39
)
(/usr/local/texlive/2015/texmf-dist/tex/latex/caption/subcaption.sty
Package: subcaption 2013/02/03 v1.1-62 Sub-captions (AR)
\c@subfigure=\count168
\c@subtable=\count169
)
(/usr/local/texlive/2015/texmf-dist/tex/latex/booktabs/booktabs.sty
Package: booktabs 2005/04/14 v1.61803 publication quality tables
\heavyrulewidth=\dimen190
\lightrulewidth=\dimen191
\cmidrulewidth=\dimen192
\belowrulesep=\dimen193
\belowbottomsep=\dimen194
\aboverulesep=\dimen195
\abovetopsep=\dimen196
\cmidrulesep=\dimen197
\cmidrulekern=\dimen198
\defaultaddspace=\dimen199
\@cmidla=\count170
\@cmidlb=\count171
\@aboverulesep=\dimen200
\@belowrulesep=\dimen201
\@thisruleclass=\count172
\@lastruleclass=\count173
\@thisrulewidth=\dimen202
)
(/usr/local/texlive/2015/texmf-dist/tex/latex/bold-extra/bold-extra.sty
Package: bold-extra 2001/11/13 v0.1 Use fonts from cm/mf-extra/bold
)
\@float@every@program=\toks40
\c@program=\count174

(/usr/local/texlive/2015/texmf-dist/tex/latex/nomencl/nomencl.sty
Package: nomencl 2005/09/22 v4.2 Nomenclature package (LN)
\nomlabelwidth=\dimen203
\nom@tempdim=\dimen204
\nomitemsep=\skip68
)
\@nomenclaturefile=\write3
\openout3 = `main.nlo'.


Writing nomenclature file main.nlo
(./diplomka.sty
Package: diplomka 2007/04/12 v1.0
\pagewidth=\dimen205
\pageheight=\dimen206
\lessbox=\box56
LaTeX Font Info:    Try loading font information for U+msa on input line 97.
 (/usr/local/texlive/2015/texmf-dist/tex/latex/amsfonts/umsa.fd
File: umsa.fd 2013/01/14 v3.01 AMS symbols A
)
LaTeX Font Info:    Try loading font information for U+msb on input line 97.
(/usr/local/texlive/2015/texmf-dist/tex/latex/amsfonts/umsb.fd
File: umsb.fd 2013/01/14 v3.01 AMS symbols B
)
\greaterbox=\box57
\lesseqbox=\box58
\greatereqbox=\box59
\symbolsize=\dimen207
) (./VSKP.sty
Package: VSKP 2007/04/22 v1.2 VSKP VUT v Brn\unhbox \voidb@x \bgroup \let \unhb
ox \voidb@x \setbox \@tempboxa \hbox {e\global \mathchardef \accent@spacefactor
 \spacefactor }\accent 20 e\egroup \spacefactor \accent@spacefactor 
)
(./VSKP.tex)
(/usr/local/texlive/2015/texmf-dist/tex/latex/titlesec/titlesec.sty
Package: titlesec 2011/12/15 v2.10.0 Sectioning titles
\ttl@box=\box60
\beforetitleunit=\skip69
\aftertitleunit=\skip70
\ttl@plus=\dimen208
\ttl@minus=\dimen209
\ttl@toksa=\toks41
\titlewidth=\dimen210
\titlewidthlast=\dimen211
\titlewidthfirst=\dimen212
)
(/usr/local/texlive/2015/texmf-dist/tex/latex/fancyhdr/fancyhdr.sty
\fancy@headwidth=\skip71
\f@ncyO@elh=\skip72
\f@ncyO@erh=\skip73
\f@ncyO@olh=\skip74
\f@ncyO@orh=\skip75
\f@ncyO@elf=\skip76
\f@ncyO@erf=\skip77
\f@ncyO@olf=\skip78
\f@ncyO@orf=\skip79
)
(./main.aux

LaTeX Warning: Label `fig:ProcessingChain' multiply defined.


LaTeX Warning: Label `fig:ResponseFunctions' multiply defined.


LaTeX Warning: Label `sub@fig:ResponseFunctions' multiply defined.


LaTeX Warning: Label `fig:QuartzByTASI' multiply defined.


LaTeX Warning: Label `sub@fig:QuartzByTASI' multiply defined.


LaTeX Warning: Label `eq:landleavingRadiance' multiply defined.


LaTeX Warning: Label `fig:emissivitySpectra_spectra' multiply defined.


LaTeX Warning: Label `fig:ResponseFunctions' multiply defined.

)
\openout1 = `main.aux'.

LaTeX Font Info:    Checking defaults for OML/cmm/m/it on input line 292.
LaTeX Font Info:    ... okay on input line 292.
LaTeX Font Info:    Checking defaults for T1/cmr/m/n on input line 292.
LaTeX Font Info:    ... okay on input line 292.
LaTeX Font Info:    Checking defaults for OT1/cmr/m/n on input line 292.
LaTeX Font Info:    ... okay on input line 292.
LaTeX Font Info:    Checking defaults for OMS/cmsy/m/n on input line 292.
LaTeX Font Info:    ... okay on input line 292.
LaTeX Font Info:    Checking defaults for OMX/cmex/m/n on input line 292.
LaTeX Font Info:    ... okay on input line 292.
LaTeX Font Info:    Checking defaults for U/cmr/m/n on input line 292.
LaTeX Font Info:    ... okay on input line 292.
LaTeX Font Info:    Checking defaults for PD1/pdf/m/n on input line 292.
LaTeX Font Info:    ... okay on input line 292.
 (/usr/local/texlive/2015/texmf-dist/tex/latex/ucs/ucsencs.def
File: ucsencs.def 2011/01/21 Fixes to fontencodings LGR, T3
)
\AtBeginShipoutBox=\box61

(/usr/local/texlive/2015/texmf-dist/tex/context/base/supp-pdf.mkii
[Loading MPS to PDF converter (version 2006.09.02).]
\scratchcounter=\count175
\scratchdimen=\dimen213
\scratchbox=\box62
\nofMPsegments=\count176
\nofMParguments=\count177
\everyMPshowfont=\toks42
\MPscratchCnt=\count178
\MPscratchDim=\dimen214
\MPnumerator=\count179
\makeMPintoPDFobject=\count180
\everyMPtoPDFconversion=\toks43
)
Package hyperref Info: Link coloring OFF on input line 292.
 (/usr/local/texlive/2015/texmf-dist/tex/latex/hyperref/nameref.sty
Package: nameref 2012/10/27 v2.43 Cross-referencing by name of section

(/usr/local/texlive/2015/texmf-dist/tex/generic/oberdiek/gettitlestring.sty
Package: gettitlestring 2010/12/03 v1.4 Cleanup title references (HO)
)
\c@section@level=\count181
)
LaTeX Info: Redefining \ref on input line 292.
LaTeX Info: Redefining \pageref on input line 292.
LaTeX Info: Redefining \nameref on input line 292.

(./main.out) (./main.out)
\@outlinefile=\write4
\openout4 = `main.out'.

Package caption Info: Begin \AtBeginDocument code.
Package caption Info: rotating package is loaded.
Package caption Info: End \AtBeginDocument code.


Package array Warning: Column S is already defined on input line 292.


(/usr/local/texlive/2015/texmf-dist/tex/latex/beamer/translator/dicts/translato
r-basic-dictionary/translator-basic-dictionary-English.dict
Dictionary: translator-basic-dictionary, Language: English 
)
(/usr/local/texlive/2015/texmf-dist/tex/latex/siunitx/siunitx-abbreviations.cfg
File: siunitx-abbreviations.cfg 2015/01/21 v2.6e siunitx: Abbreviated units
)
\c__siunitx_mathsf_int=\count182
\c__siunitx_mathtt_int=\count183
Package epstopdf Info: Source file: <logo/VUT_symbol_barevne_CMYK_CZ.eps>
(epstopdf)                    date: 2016-08-15 12:14:46
(epstopdf)                    size: 515666 bytes
(epstopdf)             Output file: <logo/VUT_symbol_barevne_CMYK_CZ-eps-conver
ted-to.pdf>
(epstopdf)                    date: 2016-08-15 12:14:46
(epstopdf)                    size: 8647 bytes
(epstopdf)             Command: <repstopdf --outfile=logo/VUT_symbol_barevne_CM
YK_CZ-eps-converted-to.pdf logo/VUT_symbol_barevne_CMYK_CZ.eps>
(epstopdf)             \includegraphics on input line 295.
Package epstopdf Info: Output file is already uptodate.

<logo/VUT_symbol_barevne_CMYK_CZ-eps-converted-to.pdf, id=88, 167.62625pt x 166
.6225pt>
File: logo/VUT_symbol_barevne_CMYK_CZ-eps-converted-to.pdf Graphic file (type p
df)
 <use logo/VUT_symbol_barevne_CMYK_CZ-eps-converted-to.pdf>
Package pdftex.def Info: logo/VUT_symbol_barevne_CMYK_CZ-eps-converted-to.pdf u
sed on input line 295.
(pdftex.def)             Requested size: 184.38942pt x 183.28531pt.
 [1

{/usr/local/texlive/2015/texmf-var/fonts/map/pdftex/updmap/pdftex.map} <./logo/
VUT_symbol_barevne_CMYK_CZ-eps-converted-to.pdf>] [2] [3] [4] [5

] [6] [7

] [8]

LaTeX Font Warning: Font shape `OT1/cmss/bx/n' in size <40> not available
(Font)              size <24.88> substituted on input line 318.

(./main.toc)
\tf@toc=\write5
\openout5 = `main.toc'.

 [9

]

Package Fancyhdr Warning: \headheight is too small (12.0pt): 
 Make it at least 13.59999pt.
 We now make it that large for the rest of the document.
 This may cause the page layout to be inconsistent, however.

[10

] [11] [12

] (./2_Chapter_1_TheoreticalBackground.tex
Chapter 1.
LaTeX Font Info:    Try loading font information for OT1+lmr on input line 1.
(/usr/local/texlive/2015/texmf-dist/tex/latex/lm/ot1lmr.fd
File: ot1lmr.fd 2009/10/30 v1.6 Font defs for Latin Modern
)
(/usr/local/texlive/2015/texmf-dist/tex/latex/ucs/data/uni-32.def
File: uni-32.def 2013/05/13 UCS: Unicode data U+2000..U+20FF
)
LaTeX Font Info:    Try loading font information for TS1+cmr on input line 12.

(/usr/local/texlive/2015/texmf-dist/tex/latex/base/ts1cmr.fd
File: ts1cmr.fd 2014/09/29 v2.5h Standard LaTeX font definitions
) [13

]
Package epstopdf Info: Source file: <pics/Chapter_01/PlancksLaw.eps>
(epstopdf)                    date: 2016-02-09 18:19:34
(epstopdf)                    size: 259199 bytes
(epstopdf)             Output file: <pics/Chapter_01/PlancksLaw-eps-converted-t
o.pdf>
(epstopdf)                    date: 2016-02-09 18:51:38
(epstopdf)                    size: 42752 bytes
(epstopdf)             Command: <repstopdf --outfile=pics/Chapter_01/PlancksLaw
-eps-converted-to.pdf pics/Chapter_01/PlancksLaw.eps>
(epstopdf)             \includegraphics on input line 26.
Package epstopdf Info: Output file is already uptodate.

<pics/Chapter_01/PlancksLaw-eps-converted-to.pdf, id=194, 138.5175pt x 130.4875
pt>
File: pics/Chapter_01/PlancksLaw-eps-converted-to.pdf Graphic file (type pdf)
 <use pics/Chapter_01/PlancksLaw-eps-converted-to.pdf>
Package pdftex.def Info: pics/Chapter_01/PlancksLaw-eps-converted-to.pdf used o
n input line 26.
(pdftex.def)             Requested size: 138.51715pt x 130.48717pt.

Overfull \hbox (1.94255pt too wide) in paragraph at lines 26--28
 [][] 
 []

Package epstopdf Info: Source file: <pics/Chapter_01/QuartzSpectrum.eps>
(epstopdf)                    date: 2016-02-09 18:11:29
(epstopdf)                    size: 276485 bytes
(epstopdf)             Output file: <pics/Chapter_01/QuartzSpectrum-eps-convert
ed-to.pdf>
(epstopdf)                    date: 2016-02-09 18:51:39
(epstopdf)                    size: 47653 bytes
(epstopdf)             Command: <repstopdf --outfile=pics/Chapter_01/QuartzSpec
trum-eps-converted-to.pdf pics/Chapter_01/QuartzSpectrum.eps>
(epstopdf)             \includegraphics on input line 34.
Package epstopdf Info: Output file is already uptodate.

<pics/Chapter_01/QuartzSpectrum-eps-converted-to.pdf, id=195, 145.54375pt x 130
.4875pt>
File: pics/Chapter_01/QuartzSpectrum-eps-converted-to.pdf Graphic file (type pd
f)
 <use pics/Chapter_01/QuartzSpectrum-eps-converted-to.pdf>
Package pdftex.def Info: pics/Chapter_01/QuartzSpectrum-eps-converted-to.pdf us
ed on input line 34.
(pdftex.def)             Requested size: 145.54338pt x 130.48717pt.

Overfull \hbox (8.96878pt too wide) in paragraph at lines 34--36
 [][] 
 []

Package epstopdf Info: Source file: <pics/Chapter_01/QuartzRadiance.eps>
(epstopdf)                    date: 2016-02-09 18:19:10
(epstopdf)                    size: 366009 bytes
(epstopdf)             Output file: <pics/Chapter_01/QuartzRadiance-eps-convert
ed-to.pdf>
(epstopdf)                    date: 2016-02-09 18:51:39
(epstopdf)                    size: 60783 bytes
(epstopdf)             Command: <repstopdf --outfile=pics/Chapter_01/QuartzRadi
ance-eps-converted-to.pdf pics/Chapter_01/QuartzRadiance.eps>
(epstopdf)             \includegraphics on input line 42.
Package epstopdf Info: Output file is already uptodate.

<pics/Chapter_01/QuartzRadiance-eps-converted-to.pdf, id=196, 138.5175pt x 130.
4875pt>
File: pics/Chapter_01/QuartzRadiance-eps-converted-to.pdf Graphic file (type pd
f)
 <use pics/Chapter_01/QuartzRadiance-eps-converted-to.pdf>
Package pdftex.def Info: pics/Chapter_01/QuartzRadiance-eps-converted-to.pdf us
ed on input line 42.
(pdftex.def)             Requested size: 138.51715pt x 130.48717pt.

Overfull \hbox (1.94255pt too wide) in paragraph at lines 42--44
 [][] 
 []


Package Fancyhdr Warning: \headheight is too small (12.0pt): 
 Make it at least 13.59999pt.
 We now make it that large for the rest of the document.
 This may cause the page layout to be inconsistent, however.

[14 <./pics/Chapter_01/PlancksLaw-eps-converted-to.pdf> <./pics/Chapter_01/Quar
tzSpectrum-eps-converted-to.pdf> <./pics/Chapter_01/QuartzRadiance-eps-converte
d-to.pdf>])

Package Fancyhdr Warning: \headheight is too small (12.0pt): 
 Make it at least 13.59999pt.
 We now make it that large for the rest of the document.
 This may cause the page layout to be inconsistent, however.

[15]

Package Fancyhdr Warning: \headheight is too small (12.0pt): 
 Make it at least 13.59999pt.
 We now make it that large for the rest of the document.
 This may cause the page layout to be inconsistent, however.

[16

] (./3_Chapter_2_Data.tex
Chapter 2.
Package epstopdf Info: Source file: <pics/Chapter_02/TASIResponseFunctions.eps>

(epstopdf)                    date: 2016-03-17 11:54:59
(epstopdf)                    size: 1403061 bytes
(epstopdf)             Output file: <pics/Chapter_02/TASIResponseFunctions-eps-
converted-to.pdf>
(epstopdf)                    date: 2016-03-17 11:55:26
(epstopdf)                    size: 113574 bytes
(epstopdf)             Command: <repstopdf --outfile=pics/Chapter_02/TASIRespon
seFunctions-eps-converted-to.pdf pics/Chapter_02/TASIResponseFunctions.eps>
(epstopdf)             \includegraphics on input line 24.
Package epstopdf Info: Output file is already uptodate.

<pics/Chapter_02/TASIResponseFunctions-eps-converted-to.pdf, id=224, 189.70876p
t x 130.4875pt>
File: pics/Chapter_02/TASIResponseFunctions-eps-converted-to.pdf Graphic file (
type pdf)

<use pics/Chapter_02/TASIResponseFunctions-eps-converted-to.pdf>
Package pdftex.def Info: pics/Chapter_02/TASIResponseFunctions-eps-converted-to
.pdf used on input line 24.
(pdftex.def)             Requested size: 189.70828pt x 130.48717pt.
Package epstopdf Info: Source file: <pics/Chapter_02/QuartzByTASI.eps>
(epstopdf)                    date: 2016-03-17 11:55:19
(epstopdf)                    size: 273822 bytes
(epstopdf)             Output file: <pics/Chapter_02/QuartzByTASI-eps-converted
-to.pdf>
(epstopdf)                    date: 2016-03-17 11:55:27
(epstopdf)                    size: 47220 bytes
(epstopdf)             Command: <repstopdf --outfile=pics/Chapter_02/QuartzByTA
SI-eps-converted-to.pdf pics/Chapter_02/QuartzByTASI.eps>
(epstopdf)             \includegraphics on input line 31.
Package epstopdf Info: Output file is already uptodate.

<pics/Chapter_02/QuartzByTASI-eps-converted-to.pdf, id=225, 157.58875pt x 130.4
875pt>
File: pics/Chapter_02/QuartzByTASI-eps-converted-to.pdf Graphic file (type pdf)

 <use pics/Chapter_02/QuartzByTASI-eps-converted-to.pdf>
Package pdftex.def Info: pics/Chapter_02/QuartzByTASI-eps-converted-to.pdf used
 on input line 31.
(pdftex.def)             Requested size: 157.58835pt x 130.48717pt.
 [17

]
Package epstopdf Info: Source file: <pics/Chapter_02/Fig_2_3.eps>
(epstopdf)                    date: 2016-03-08 16:44:09
(epstopdf)                    size: 69440 bytes
(epstopdf)             Output file: <pics/Chapter_02/Fig_2_3-eps-converted-to.p
df>
(epstopdf)                    date: 2016-03-17 11:53:46
(epstopdf)                    size: 13389 bytes
(epstopdf)             Command: <repstopdf --outfile=pics/Chapter_02/Fig_2_3-ep
s-converted-to.pdf pics/Chapter_02/Fig_2_3.eps>
(epstopdf)             \includegraphics on input line 50.
Package epstopdf Info: Output file is already uptodate.

<pics/Chapter_02/Fig_2_3-eps-converted-to.pdf, id=237, 378.41376pt x 624.3325pt
>
File: pics/Chapter_02/Fig_2_3-eps-converted-to.pdf Graphic file (type pdf)
 <use pics/Chapter_02/Fig_2_3-eps-converted-to.pdf>
Package pdftex.def Info: pics/Chapter_02/Fig_2_3-eps-converted-to.pdf used on i
nput line 50.
(pdftex.def)             Requested size: 378.41283pt x 624.33098pt.


Package Fancyhdr Warning: \headheight is too small (12.0pt): 
 Make it at least 13.59999pt.
 We now make it that large for the rest of the document.
 This may cause the page layout to be inconsistent, however.

[18 <./pics/Chapter_02/TASIResponseFunctions-eps-converted-to.pdf> <./pics/Chap
ter_02/QuartzByTASI-eps-converted-to.pdf>]

LaTeX Warning: Text page 19 contains only floats.


Overfull \vbox (3.01431pt too high) has occurred while \output is active []



Package Fancyhdr Warning: \headheight is too small (12.0pt): 
 Make it at least 13.59999pt.
 We now make it that large for the rest of the document.
 This may cause the page layout to be inconsistent, however.

[19 <./pics/Chapter_02/Fig_2_3-eps-converted-to.pdf>]

LaTeX Warning: Reference `HK96' on page 20 undefined on input line 73.


Package Fancyhdr Warning: \headheight is too small (12.0pt): 
 Make it at least 13.59999pt.
 We now make it that large for the rest of the document.
 This may cause the page layout to be inconsistent, however.

[20]
Package epstopdf Info: Source file: <pics/Chapter_02/Fig_3_2.eps>
(epstopdf)                    date: 2016-02-23 18:41:01
(epstopdf)                    size: 337188 bytes
(epstopdf)             Output file: <pics/Chapter_02/Fig_3_2-eps-converted-to.p
df>
(epstopdf)                    date: 2016-03-17 11:53:47
(epstopdf)                    size: 61296 bytes
(epstopdf)             Command: <repstopdf --outfile=pics/Chapter_02/Fig_3_2-ep
s-converted-to.pdf pics/Chapter_02/Fig_3_2.eps>
(epstopdf)             \includegraphics on input line 96.
Package epstopdf Info: Output file is already uptodate.

<pics/Chapter_02/Fig_3_2-eps-converted-to.pdf, id=276, 161.60374pt x 315.1775pt
>
File: pics/Chapter_02/Fig_3_2-eps-converted-to.pdf Graphic file (type pdf)
 <use pics/Chapter_02/Fig_3_2-eps-converted-to.pdf>
Package pdftex.def Info: pics/Chapter_02/Fig_3_2-eps-converted-to.pdf used on i
nput line 96.
(pdftex.def)             Requested size: 161.60335pt x 315.17673pt.


Package Fancyhdr Warning: \headheight is too small (12.0pt): 
 Make it at least 13.59999pt.
 We now make it that large for the rest of the document.
 This may cause the page layout to be inconsistent, however.

[21 <./pics/Chapter_02/Fig_3_2-eps-converted-to.pdf>]
Package epstopdf Info: Source file: <pics/Chapter_02/Transmittance.eps>
(epstopdf)                    date: 2016-03-17 12:08:18
(epstopdf)                    size: 192898 bytes
(epstopdf)             Output file: <pics/Chapter_02/Transmittance-eps-converte
d-to.pdf>
(epstopdf)                    date: 2016-03-17 12:08:23
(epstopdf)                    size: 31997 bytes
(epstopdf)             Command: <repstopdf --outfile=pics/Chapter_02/Transmitta
nce-eps-converted-to.pdf pics/Chapter_02/Transmittance.eps>
(epstopdf)             \includegraphics on input line 111.
Package epstopdf Info: Output file is already uptodate.

<pics/Chapter_02/Transmittance-eps-converted-to.pdf, id=314, 141.52875pt x 130.
4875pt>
File: pics/Chapter_02/Transmittance-eps-converted-to.pdf Graphic file (type pdf
)
 <use pics/Chapter_02/Transmittance-eps-converted-to.pdf>
Package pdftex.def Info: pics/Chapter_02/Transmittance-eps-converted-to.pdf use
d on input line 111.
(pdftex.def)             Requested size: 141.5284pt x 130.48717pt.

Overfull \hbox (4.9538pt too wide) in paragraph at lines 111--114
 [][] 
 []

Package epstopdf Info: Source file: <pics/Chapter_02/Upwelling.eps>
(epstopdf)                    date: 2016-03-17 11:56:18
(epstopdf)                    size: 205822 bytes
(epstopdf)             Output file: <pics/Chapter_02/Upwelling-eps-converted-to
.pdf>
(epstopdf)                    date: 2016-03-17 11:57:34
(epstopdf)                    size: 36212 bytes
(epstopdf)             Command: <repstopdf --outfile=pics/Chapter_02/Upwelling-
eps-converted-to.pdf pics/Chapter_02/Upwelling.eps>
(epstopdf)             \includegraphics on input line 119.
Package epstopdf Info: Output file is already uptodate.

<pics/Chapter_02/Upwelling-eps-converted-to.pdf, id=315, 141.52875pt x 130.4875
pt>
File: pics/Chapter_02/Upwelling-eps-converted-to.pdf Graphic file (type pdf)
 <use pics/Chapter_02/Upwelling-eps-converted-to.pdf>
Package pdftex.def Info: pics/Chapter_02/Upwelling-eps-converted-to.pdf used on
 input line 119.
(pdftex.def)             Requested size: 141.5284pt x 130.48717pt.

Overfull \hbox (4.9538pt too wide) in paragraph at lines 119--122
 [][] 
 []

Package epstopdf Info: Source file: <pics/Chapter_02/Downwelling.eps>
(epstopdf)                    date: 2016-03-17 11:56:31
(epstopdf)                    size: 193800 bytes
(epstopdf)             Output file: <pics/Chapter_02/Downwelling-eps-converted-
to.pdf>
(epstopdf)                    date: 2016-03-17 11:57:34
(epstopdf)                    size: 33610 bytes
(epstopdf)             Command: <repstopdf --outfile=pics/Chapter_02/Downwellin
g-eps-converted-to.pdf pics/Chapter_02/Downwelling.eps>
(epstopdf)             \includegraphics on input line 127.
Package epstopdf Info: Output file is already uptodate.

<pics/Chapter_02/Downwelling-eps-converted-to.pdf, id=316, 134.5025pt x 130.487
5pt>
File: pics/Chapter_02/Downwelling-eps-converted-to.pdf Graphic file (type pdf)
 <use pics/Chapter_02/Downwelling-eps-converted-to.pdf>
Package pdftex.def Info: pics/Chapter_02/Downwelling-eps-converted-to.pdf used 
on input line 127.
(pdftex.def)             Requested size: 134.50215pt x 130.48717pt.


Package Fancyhdr Warning: \headheight is too small (12.0pt): 
 Make it at least 13.59999pt.
 We now make it that large for the rest of the document.
 This may cause the page layout to be inconsistent, however.

[22 <./pics/Chapter_02/Transmittance-eps-converted-to.pdf> <./pics/Chapter_02/U
pwelling-eps-converted-to.pdf> <./pics/Chapter_02/Downwelling-eps-converted-to.
pdf>]
Package epstopdf Info: Source file: <pics/Chapter_02/calibration-1-DN.eps>
(epstopdf)                    date: 2016-03-17 11:56:58
(epstopdf)                    size: 183785 bytes
(epstopdf)             Output file: <pics/Chapter_02/calibration-1-DN-eps-conve
rted-to.pdf>
(epstopdf)                    date: 2016-03-17 11:57:35
(epstopdf)                    size: 24882 bytes
(epstopdf)             Command: <repstopdf --outfile=pics/Chapter_02/calibratio
n-1-DN-eps-converted-to.pdf pics/Chapter_02/calibration-1-DN.eps>
(epstopdf)             \includegraphics on input line 153.
Package epstopdf Info: Output file is already uptodate.

<pics/Chapter_02/calibration-1-DN-eps-converted-to.pdf, id=338, 152.57pt x 130.
4875pt>
File: pics/Chapter_02/calibration-1-DN-eps-converted-to.pdf Graphic file (type 
pdf)
 <use pics/Chapter_02/calibration-1-DN-eps-converted-to.pdf>
Package pdftex.def Info: pics/Chapter_02/calibration-1-DN-eps-converted-to.pdf 
used on input line 153.
(pdftex.def)             Requested size: 152.56963pt x 130.48717pt.

Overfull \hbox (15.99503pt too wide) in paragraph at lines 153--156
 [][] 
 []

Package epstopdf Info: Source file: <pics/Chapter_02/calibration-2-Lm.eps>
(epstopdf)                    date: 2016-03-17 11:56:46
(epstopdf)                    size: 214820 bytes
(epstopdf)             Output file: <pics/Chapter_02/calibration-2-Lm-eps-conve
rted-to.pdf>
(epstopdf)                    date: 2016-03-17 11:57:35
(epstopdf)                    size: 37472 bytes
(epstopdf)             Command: <repstopdf --outfile=pics/Chapter_02/calibratio
n-2-Lm-eps-converted-to.pdf pics/Chapter_02/calibration-2-Lm.eps>
(epstopdf)             \includegraphics on input line 161.
Package epstopdf Info: Output file is already uptodate.

<pics/Chapter_02/calibration-2-Lm-eps-converted-to.pdf, id=339, 145.54375pt x 1
30.4875pt>
File: pics/Chapter_02/calibration-2-Lm-eps-converted-to.pdf Graphic file (type 
pdf)
 <use pics/Chapter_02/calibration-2-Lm-eps-converted-to.pdf>
Package pdftex.def Info: pics/Chapter_02/calibration-2-Lm-eps-converted-to.pdf 
used on input line 161.
(pdftex.def)             Requested size: 145.54338pt x 130.48717pt.

Overfull \hbox (8.96878pt too wide) in paragraph at lines 161--164
 [][] 
 []

Package epstopdf Info: Source file: <pics/Chapter_02/calibration-3-Lll.eps>
(epstopdf)                    date: 2016-03-17 11:57:16
(epstopdf)                    size: 217645 bytes
(epstopdf)             Output file: <pics/Chapter_02/calibration-3-Lll-eps-conv
erted-to.pdf>
(epstopdf)                    date: 2016-03-17 11:57:36
(epstopdf)                    size: 38585 bytes
(epstopdf)             Command: <repstopdf --outfile=pics/Chapter_02/calibratio
n-3-Lll-eps-converted-to.pdf pics/Chapter_02/calibration-3-Lll.eps>
(epstopdf)             \includegraphics on input line 169.
Package epstopdf Info: Output file is already uptodate.

<pics/Chapter_02/calibration-3-Lll-eps-converted-to.pdf, id=340, 145.54375pt x 
130.4875pt>
File: pics/Chapter_02/calibration-3-Lll-eps-converted-to.pdf Graphic file (type
 pdf)
 <use pics/Chapter_02/calibration-3-Lll-eps-converted-to.pdf>
Package pdftex.def Info: pics/Chapter_02/calibration-3-Lll-eps-converted-to.pdf
 used on input line 169.
(pdftex.def)             Requested size: 145.54338pt x 130.48717pt.

Overfull \hbox (8.96878pt too wide) in paragraph at lines 169--172
 [][] 
 []


Package Fancyhdr Warning: \headheight is too small (12.0pt): 
 Make it at least 13.59999pt.
 We now make it that large for the rest of the document.
 This may cause the page layout to be inconsistent, however.

[23 <./pics/Chapter_02/calibration-1-DN-eps-converted-to.pdf> <./pics/Chapter_0
2/calibration-2-Lm-eps-converted-to.pdf> <./pics/Chapter_02/calibration-3-Lll-e
ps-converted-to.pdf>]
<pics/Chapter_02/TASIcalibrated.png, id=356, 642.4pt x 830.10126pt>
File: pics/Chapter_02/TASIcalibrated.png Graphic file (type png)

<use pics/Chapter_02/TASIcalibrated.png>
Package pdftex.def Info: pics/Chapter_02/TASIcalibrated.png used on input line 
194.
(pdftex.def)             Requested size: 154.17915pt x 199.22836pt.

<pics/Chapter_02/TASIgeoreferencedcut.png, id=357, 249.8133pt x 199.2243pt>
File: pics/Chapter_02/TASIgeoreferencedcut.png Graphic file (type png)

<use pics/Chapter_02/TASIgeoreferencedcut.png>
Package pdftex.def Info: pics/Chapter_02/TASIgeoreferencedcut.png used on input
 line 201.
(pdftex.def)             Requested size: 249.81267pt x 199.22382pt.

Overfull \hbox (13.08382pt too wide) in paragraph at lines 201--202
 [][] 
 []

)

Package Fancyhdr Warning: \headheight is too small (12.0pt): 
 Make it at least 13.59999pt.
 We now make it that large for the rest of the document.
 This may cause the page layout to be inconsistent, however.

[24 <./pics/Chapter_02/TASIcalibrated.png> <./pics/Chapter_02/TASIgeoreferenced
cut.png>] (./4_Chapter_3_TES.tex
Chapter 3.
[25


]

Package Fancyhdr Warning: \headheight is too small (12.0pt): 
 Make it at least 13.59999pt.
 We now make it that large for the rest of the document.
 This may cause the page layout to be inconsistent, however.

[26] <pics/Chapter_03/EpsMinMMD.png, id=422, 931.48pt x 814.04124pt>
File: pics/Chapter_03/EpsMinMMD.png Graphic file (type png)

<use pics/Chapter_03/EpsMinMMD.png>
Package pdftex.def Info: pics/Chapter_03/EpsMinMMD.png used on input line 53.
(pdftex.def)             Requested size: 186.2927pt x 162.80536pt.


Package Fancyhdr Warning: \headheight is too small (12.0pt): 
 Make it at least 13.59999pt.
 We now make it that large for the rest of the document.
 This may cause the page layout to be inconsistent, however.

[27]
Package epstopdf Info: Source file: <pics/Chapter_03/GreenGrass_Emiss_vs_Bright
Temp.eps>
(epstopdf)                    date: 2016-08-15 12:14:46
(epstopdf)                    size: 186967 bytes
(epstopdf)             Output file: <pics/Chapter_03/GreenGrass_Emiss_vs_Bright
Temp-eps-converted-to.pdf>
(epstopdf)                    date: 2016-08-15 12:14:46
(epstopdf)                    size: 49394 bytes
(epstopdf)             Command: <repstopdf --outfile=pics/Chapter_03/GreenGrass
_Emiss_vs_BrightTemp-eps-converted-to.pdf pics/Chapter_03/GreenGrass_Emiss_vs_B
rightTemp.eps>
(epstopdf)             \includegraphics on input line 70.
Package epstopdf Info: Output file is already uptodate.

<pics/Chapter_03/GreenGrass_Emiss_vs_BrightTemp-eps-converted-to.pdf, id=459, 1
44.54pt x 120.45pt>
File: pics/Chapter_03/GreenGrass_Emiss_vs_BrightTemp-eps-converted-to.pdf Graph
ic file (type pdf)

<use pics/Chapter_03/GreenGrass_Emiss_vs_BrightTemp-eps-converted-to.pdf>
Package pdftex.def Info: pics/Chapter_03/GreenGrass_Emiss_vs_BrightTemp-eps-con
verted-to.pdf used on input line 70.
(pdftex.def)             Requested size: 144.53963pt x 120.44969pt.

Overfull \hbox (7.96503pt too wide) in paragraph at lines 70--73
 [][] 
 []

Package epstopdf Info: Source file: <pics/Chapter_03/FineSandyLoam_Emiss_vs_Bri
ghtTemp.eps>
(epstopdf)                    date: 2016-08-15 12:14:46
(epstopdf)                    size: 180998 bytes
(epstopdf)             Output file: <pics/Chapter_03/FineSandyLoam_Emiss_vs_Bri
ghtTemp-eps-converted-to.pdf>
(epstopdf)                    date: 2016-08-15 12:14:46
(epstopdf)                    size: 46998 bytes
(epstopdf)             Command: <repstopdf --outfile=pics/Chapter_03/FineSandyL
oam_Emiss_vs_BrightTemp-eps-converted-to.pdf pics/Chapter_03/FineSandyLoam_Emis
s_vs_BrightTemp.eps>
(epstopdf)             \includegraphics on input line 78.
Package epstopdf Info: Output file is already uptodate.

<pics/Chapter_03/FineSandyLoam_Emiss_vs_BrightTemp-eps-converted-to.pdf, id=460
, 144.54pt x 121.45375pt>
File: pics/Chapter_03/FineSandyLoam_Emiss_vs_BrightTemp-eps-converted-to.pdf Gr
aphic file (type pdf)

<use pics/Chapter_03/FineSandyLoam_Emiss_vs_BrightTemp-eps-converted-to.pdf>
Package pdftex.def Info: pics/Chapter_03/FineSandyLoam_Emiss_vs_BrightTemp-eps-
converted-to.pdf used on input line 78.
(pdftex.def)             Requested size: 144.53963pt x 121.45343pt.

Overfull \hbox (7.96503pt too wide) in paragraph at lines 78--81
 [][] 
 []

Package epstopdf Info: Source file: <pics/Chapter_03/AlteredVolcanicTuff_Emiss_
vs_BrightTemp.eps>
(epstopdf)                    date: 2016-08-15 12:14:46
(epstopdf)                    size: 181653 bytes
(epstopdf)             Output file: <pics/Chapter_03/AlteredVolcanicTuff_Emiss_
vs_BrightTemp-eps-converted-to.pdf>
(epstopdf)                    date: 2016-08-15 12:14:46
(epstopdf)                    size: 47333 bytes
(epstopdf)             Command: <repstopdf --outfile=pics/Chapter_03/AlteredVol
canicTuff_Emiss_vs_BrightTemp-eps-converted-to.pdf pics/Chapter_03/AlteredVolca
nicTuff_Emiss_vs_BrightTemp.eps>
(epstopdf)             \includegraphics on input line 86.
Package epstopdf Info: Output file is already uptodate.

<pics/Chapter_03/AlteredVolcanicTuff_Emiss_vs_BrightTemp-eps-converted-to.pdf, 
id=461, 144.54pt x 121.45375pt>
File: pics/Chapter_03/AlteredVolcanicTuff_Emiss_vs_BrightTemp-eps-converted-to.
pdf Graphic file (type pdf)

<use pics/Chapter_03/AlteredVolcanicTuff_Emiss_vs_BrightTemp-eps-converted-to.p
df>
Package pdftex.def Info: pics/Chapter_03/AlteredVolcanicTuff_Emiss_vs_BrightTem
p-eps-converted-to.pdf used on input line 86.
(pdftex.def)             Requested size: 144.53963pt x 121.45343pt.

Overfull \hbox (7.96503pt too wide) in paragraph at lines 86--89
 [][] 
 []


Package Fancyhdr Warning: \headheight is too small (12.0pt): 
 Make it at least 13.59999pt.
 We now make it that large for the rest of the document.
 This may cause the page layout to be inconsistent, however.

[28 <./pics/Chapter_03/EpsMinMMD.png>]
Package epstopdf Info: Source file: <pics/Chapter_03/GreenGrass_Emiss2BrightTem
p.eps>
(epstopdf)                    date: 2016-08-15 12:14:46
(epstopdf)                    size: 100926 bytes
(epstopdf)             Output file: <pics/Chapter_03/GreenGrass_Emiss2BrightTem
p-eps-converted-to.pdf>
(epstopdf)                    date: 2016-08-15 12:14:46
(epstopdf)                    size: 28292 bytes
(epstopdf)             Command: <repstopdf --outfile=pics/Chapter_03/GreenGrass
_Emiss2BrightTemp-eps-converted-to.pdf pics/Chapter_03/GreenGrass_Emiss2BrightT
emp.eps>
(epstopdf)             \includegraphics on input line 103.
Package epstopdf Info: Output file is already uptodate.

<pics/Chapter_03/GreenGrass_Emiss2BrightTemp-eps-converted-to.pdf, id=478, 144.
54pt x 121.45375pt>
File: pics/Chapter_03/GreenGrass_Emiss2BrightTemp-eps-converted-to.pdf Graphic 
file (type pdf)

<use pics/Chapter_03/GreenGrass_Emiss2BrightTemp-eps-converted-to.pdf>
Package pdftex.def Info: pics/Chapter_03/GreenGrass_Emiss2BrightTemp-eps-conver
ted-to.pdf used on input line 103.
(pdftex.def)             Requested size: 144.53963pt x 121.45343pt.

Overfull \hbox (7.96503pt too wide) in paragraph at lines 103--106
 [][] 
 []

Package epstopdf Info: Source file: <pics/Chapter_03/FineSandyLoam_Emiss2Bright
Temp.eps>
(epstopdf)                    date: 2016-08-15 12:14:46
(epstopdf)                    size: 103309 bytes
(epstopdf)             Output file: <pics/Chapter_03/FineSandyLoam_Emiss2Bright
Temp-eps-converted-to.pdf>
(epstopdf)                    date: 2016-08-15 12:14:46
(epstopdf)                    size: 29195 bytes
(epstopdf)             Command: <repstopdf --outfile=pics/Chapter_03/FineSandyL
oam_Emiss2BrightTemp-eps-converted-to.pdf pics/Chapter_03/FineSandyLoam_Emiss2B
rightTemp.eps>
(epstopdf)             \includegraphics on input line 111.
Package epstopdf Info: Output file is already uptodate.

<pics/Chapter_03/FineSandyLoam_Emiss2BrightTemp-eps-converted-to.pdf, id=479, 1
44.54pt x 121.45375pt>
File: pics/Chapter_03/FineSandyLoam_Emiss2BrightTemp-eps-converted-to.pdf Graph
ic file (type pdf)

<use pics/Chapter_03/FineSandyLoam_Emiss2BrightTemp-eps-converted-to.pdf>
Package pdftex.def Info: pics/Chapter_03/FineSandyLoam_Emiss2BrightTemp-eps-con
verted-to.pdf used on input line 111.
(pdftex.def)             Requested size: 144.53963pt x 121.45343pt.

Overfull \hbox (7.96503pt too wide) in paragraph at lines 111--114
 [][] 
 []

Package epstopdf Info: Source file: <pics/Chapter_03/AlteredVolcanicTuff_Emiss2
BrightTemp.eps>
(epstopdf)                    date: 2016-08-15 12:14:46
(epstopdf)                    size: 117183 bytes
(epstopdf)             Output file: <pics/Chapter_03/AlteredVolcanicTuff_Emiss2
BrightTemp-eps-converted-to.pdf>
(epstopdf)                    date: 2016-08-15 12:14:46
(epstopdf)                    size: 32856 bytes
(epstopdf)             Command: <repstopdf --outfile=pics/Chapter_03/AlteredVol
canicTuff_Emiss2BrightTemp-eps-converted-to.pdf pics/Chapter_03/AlteredVolcanic
Tuff_Emiss2BrightTemp.eps>
(epstopdf)             \includegraphics on input line 119.
Package epstopdf Info: Output file is already uptodate.

<pics/Chapter_03/AlteredVolcanicTuff_Emiss2BrightTemp-eps-converted-to.pdf, id=
480, 144.54pt x 121.45375pt>
File: pics/Chapter_03/AlteredVolcanicTuff_Emiss2BrightTemp-eps-converted-to.pdf
 Graphic file (type pdf)

<use pics/Chapter_03/AlteredVolcanicTuff_Emiss2BrightTemp-eps-converted-to.pdf>
Package pdftex.def Info: pics/Chapter_03/AlteredVolcanicTuff_Emiss2BrightTemp-e
ps-converted-to.pdf used on input line 119.
(pdftex.def)             Requested size: 144.53963pt x 121.45343pt.

Overfull \hbox (7.96503pt too wide) in paragraph at lines 119--122
 [][] 
 []


Package Fancyhdr Warning: \headheight is too small (12.0pt): 
 Make it at least 13.59999pt.
 We now make it that large for the rest of the document.
 This may cause the page layout to be inconsistent, however.

[29 <./pics/Chapter_03/GreenGrass_Emiss_vs_BrightTemp-eps-converted-to.pdf> <./
pics/Chapter_03/FineSandyLoam_Emiss_vs_BrightTemp-eps-converted-to.pdf> <./pics
/Chapter_03/AlteredVolcanicTuff_Emiss_vs_BrightTemp-eps-converted-to.pdf> <./pi
cs/Chapter_03/GreenGrass_Emiss2BrightTemp-eps-converted-to.pdf> <./pics/Chapter
_03/FineSandyLoam_Emiss2BrightTemp-eps-converted-to.pdf> <./pics/Chapter_03/Alt
eredVolcanicTuff_Emiss2BrightTemp-eps-converted-to.pdf>]
<pics/Chapter_03/pseudo_code.pdf, id=502, 189.508pt x 182.48175pt>
File: pics/Chapter_03/pseudo_code.pdf Graphic file (type pdf)

<use pics/Chapter_03/pseudo_code.pdf>
Package pdftex.def Info: pics/Chapter_03/pseudo_code.pdf used on input line 161
.
(pdftex.def)             Requested size: 158.99377pt x 153.10262pt.


Package Fancyhdr Warning: \headheight is too small (12.0pt): 
 Make it at least 13.59999pt.
 We now make it that large for the rest of the document.
 This may cause the page layout to be inconsistent, however.

[30 <./pics/Chapter_03/pseudo_code.pdf>])

Package Fancyhdr Warning: \headheight is too small (12.0pt): 
 Make it at least 13.59999pt.
 We now make it that large for the rest of the document.
 This may cause the page layout to be inconsistent, however.

[31]

Package Fancyhdr Warning: \headheight is too small (12.0pt): 
 Make it at least 13.59999pt.
 We now make it that large for the rest of the document.
 This may cause the page layout to be inconsistent, however.

[32

] (./5_Chapter_4_OSTES_valid.tex
Chapter 4.

<pics/Chapter_04/Response_functions_ASTER-eps-converted-to.pdf, id=573, 433.62p
t x 153.57375pt>
File: pics/Chapter_04/Response_functions_ASTER-eps-converted-to.pdf Graphic fil
e (type pdf)

<use pics/Chapter_04/Response_functions_ASTER-eps-converted-to.pdf>
Package pdftex.def Info: pics/Chapter_04/Response_functions_ASTER-eps-converted
-to.pdf used on input line 21.
(pdftex.def)             Requested size: 433.61894pt x 153.57336pt.
Package epstopdf Info: Source file: <pics/Chapter_04/Response_functions_AHS.eps
>
(epstopdf)                    date: 2016-08-16 15:44:06
(epstopdf)                    size: 995149 bytes
(epstopdf)             Output file: <pics/Chapter_04/Response_functions_AHS-eps
-converted-to.pdf>
(epstopdf)                    date: 2016-08-16 15:44:35
(epstopdf)                    size: 109008 bytes
(epstopdf)             Command: <repstopdf --outfile=pics/Chapter_04/Response_f
unctions_AHS-eps-converted-to.pdf pics/Chapter_04/Response_functions_AHS.eps>
(epstopdf)             \includegraphics on input line 28.
Package epstopdf Info: Output file is already uptodate.

<pics/Chapter_04/Response_functions_AHS-eps-converted-to.pdf, id=574, 433.62pt 
x 140.525pt>
File: pics/Chapter_04/Response_functions_AHS-eps-converted-to.pdf Graphic file 
(type pdf)
 <use pics/Chapter_04/Response_functions_AHS-eps-converted-to.pdf>
Package pdftex.def Info: pics/Chapter_04/Response_functions_AHS-eps-converted-t
o.pdf used on input line 28.
(pdftex.def)             Requested size: 433.61894pt x 140.52464pt.
Package epstopdf Info: Source file: <pics/Chapter_04/Response_functions_TASI.ep
s>
(epstopdf)                    date: 2016-08-16 15:43:57
(epstopdf)                    size: 1639266 bytes
(epstopdf)             Output file: <pics/Chapter_04/Response_functions_TASI-ep
s-converted-to.pdf>
(epstopdf)                    date: 2016-08-16 15:44:37
(epstopdf)                    size: 110508 bytes
(epstopdf)             Command: <repstopdf --outfile=pics/Chapter_04/Response_f
unctions_TASI-eps-converted-to.pdf pics/Chapter_04/Response_functions_TASI.eps>

(epstopdf)             \includegraphics on input line 35.
Package epstopdf Info: Output file is already uptodate.

<pics/Chapter_04/Response_functions_TASI-eps-converted-to.pdf, id=575, 433.62pt
 x 140.525pt>
File: pics/Chapter_04/Response_functions_TASI-eps-converted-to.pdf Graphic file
 (type pdf)

<use pics/Chapter_04/Response_functions_TASI-eps-converted-to.pdf>
Package pdftex.def Info: pics/Chapter_04/Response_functions_TASI-eps-converted-
to.pdf used on input line 35.
(pdftex.def)             Requested size: 433.61894pt x 140.52464pt.
 [33

]

LaTeX Warning: Text page 34 contains only floats.


Package Fancyhdr Warning: \headheight is too small (12.0pt): 
 Make it at least 13.59999pt.
 We now make it that large for the rest of the document.
 This may cause the page layout to be inconsistent, however.

[34 <./pics/Chapter_04/Response_functions_ASTER-eps-converted-to.pdf> <./pics/C
hapter_04/Response_functions_AHS-eps-converted-to.pdf> <./pics/Chapter_04/Respo
nse_functions_TASI-eps-converted-to.pdf>]
Package epstopdf Info: Source file: <pics/Chapter_04/Simulated_data_ASTER.eps>
(epstopdf)                    date: 2016-08-16 22:47:29
(epstopdf)                    size: 68763 bytes
(epstopdf)             Output file: <pics/Chapter_04/Simulated_data_ASTER-eps-c
onverted-to.pdf>
(epstopdf)                    date: 2016-08-16 22:47:37
(epstopdf)                    size: 25310 bytes
(epstopdf)             Command: <repstopdf --outfile=pics/Chapter_04/Simulated_
data_ASTER-eps-converted-to.pdf pics/Chapter_04/Simulated_data_ASTER.eps>
(epstopdf)             \includegraphics on input line 79.
Package epstopdf Info: Output file is already uptodate.

<pics/Chapter_04/Simulated_data_ASTER-eps-converted-to.pdf, id=667, 122.4575pt 
x 139.52126pt>
File: pics/Chapter_04/Simulated_data_ASTER-eps-converted-to.pdf Graphic file (t
ype pdf)
 <use pics/Chapter_04/Simulated_data_ASTER-eps-converted-to.pdf>
Package pdftex.def Info: pics/Chapter_04/Simulated_data_ASTER-eps-converted-to.
pdf used on input line 79.
(pdftex.def)             Requested size: 122.45718pt x 139.5209pt.
Package epstopdf Info: Source file: <pics/Chapter_04/Simulated_data_AHS.eps>
(epstopdf)                    date: 2016-08-16 22:51:38
(epstopdf)                    size: 76958 bytes
(epstopdf)             Output file: <pics/Chapter_04/Simulated_data_AHS-eps-con
verted-to.pdf>
(epstopdf)                    date: 2016-08-16 16:35:45
(epstopdf)                    size: 30114 bytes
(epstopdf)             Command: <repstopdf --outfile=pics/Chapter_04/Simulated_
data_AHS-eps-converted-to.pdf pics/Chapter_04/Simulated_data_AHS.eps>
(epstopdf)             \includegraphics on input line 87.
runsystem(repstopdf --outfile=pics/Chapter_04/Simulated_data_AHS-eps-converted-
to.pdf pics/Chapter_04/Simulated_data_AHS.eps)...executed safely (allowed).

Package epstopdf Info: Result file: <pics/Chapter_04/Simulated_data_AHS-eps-con
verted-to.pdf>
(epstopdf)                    date: 2016-08-16 22:53:21
(epstopdf)                    size: 28392 bytes.

<pics/Chapter_04/Simulated_data_AHS-eps-converted-to.pdf, id=668, 127.47626pt x
 139.52126pt>
File: pics/Chapter_04/Simulated_data_AHS-eps-converted-to.pdf Graphic file (typ
e pdf)
 <use pics/Chapter_04/Simulated_data_AHS-eps-converted-to.pdf>
Package pdftex.def Info: pics/Chapter_04/Simulated_data_AHS-eps-converted-to.pd
f used on input line 87.
(pdftex.def)             Requested size: 127.47594pt x 139.5209pt.
Package epstopdf Info: Source file: <pics/Chapter_04/Simulated_data_TASI.eps>
(epstopdf)                    date: 2016-08-16 22:52:47
(epstopdf)                    size: 77653 bytes
(epstopdf)             Output file: <pics/Chapter_04/Simulated_data_TASI-eps-co
nverted-to.pdf>
(epstopdf)                    date: 2016-08-16 16:35:46
(epstopdf)                    size: 30422 bytes
(epstopdf)             Command: <repstopdf --outfile=pics/Chapter_04/Simulated_
data_TASI-eps-converted-to.pdf pics/Chapter_04/Simulated_data_TASI.eps>
(epstopdf)             \includegraphics on input line 95.
runsystem(repstopdf --outfile=pics/Chapter_04/Simulated_data_TASI-eps-converted
-to.pdf pics/Chapter_04/Simulated_data_TASI.eps)...executed safely (allowed).

Package epstopdf Info: Result file: <pics/Chapter_04/Simulated_data_TASI-eps-co
nverted-to.pdf>
(epstopdf)                    date: 2016-08-16 22:53:21
(epstopdf)                    size: 28720 bytes.

<pics/Chapter_04/Simulated_data_TASI-eps-converted-to.pdf, id=669, 127.47626pt 
x 139.52126pt>
File: pics/Chapter_04/Simulated_data_TASI-eps-converted-to.pdf Graphic file (ty
pe pdf)
 <use pics/Chapter_04/Simulated_data_TASI-eps-converted-to.pdf>
Package pdftex.def Info: pics/Chapter_04/Simulated_data_TASI-eps-converted-to.p
df used on input line 95.
(pdftex.def)             Requested size: 127.47594pt x 139.5209pt.


LaTeX Warning: Reference `fig:SimualtedDataTemperatureErrorVsLowVsHighMMD' on p
age 35 undefined on input line 128.


Package Fancyhdr Warning: \headheight is too small (12.0pt): 
 Make it at least 13.59999pt.
 We now make it that large for the rest of the document.
 This may cause the page layout to be inconsistent, however.

[35 <./pics/Chapter_04/Simulated_data_ASTER-eps-converted-to.pdf> <./pics/Chapt
er_04/Simulated_data_AHS-eps-converted-to.pdf> <./pics/Chapter_04/Simulated_dat
a_TASI-eps-converted-to.pdf>]
<pics/Chapter_04/Caspian.pdf, id=690, 461.78871pt x 298.87279pt>
File: pics/Chapter_04/Caspian.pdf Graphic file (type pdf)

<use pics/Chapter_04/Caspian.pdf>
Package pdftex.def Info: pics/Chapter_04/Caspian.pdf used on input line 136.
(pdftex.def)             Requested size: 432.48048pt x 279.90524pt.


Package Fancyhdr Warning: \headheight is too small (12.0pt): 
 Make it at least 13.59999pt.
 We now make it that large for the rest of the document.
 This may cause the page layout to be inconsistent, however.

[36 <./pics/Chapter_04/Caspian.pdf>]

Package Fancyhdr Warning: \headheight is too small (12.0pt): 
 Make it at least 13.59999pt.
 We now make it that large for the rest of the document.
 This may cause the page layout to be inconsistent, however.

[37] <pics/Chapter_04/Baikal.pdf, id=724, 428.80528pt x 703.43129pt>
File: pics/Chapter_04/Baikal.pdf Graphic file (type pdf)

<use pics/Chapter_04/Baikal.pdf>
Package pdftex.def Info: pics/Chapter_04/Baikal.pdf used on input line 174.
(pdftex.def)             Requested size: 355.08981pt x 582.5276pt.


LaTeX Warning: Float too large for page by 2.4863pt on input line 179.

)

Package Fancyhdr Warning: \headheight is too small (12.0pt): 
 Make it at least 13.59999pt.
 We now make it that large for the rest of the document.
 This may cause the page layout to be inconsistent, however.

[38]

Package Fancyhdr Warning: \headheight is too small (12.0pt): 
 Make it at least 13.59999pt.
 We now make it that large for the rest of the document.
 This may cause the page layout to be inconsistent, however.

[39 <./pics/Chapter_04/Baikal.pdf>]

Package Fancyhdr Warning: \headheight is too small (12.0pt): 
 Make it at least 13.59999pt.
 We now make it that large for the rest of the document.
 This may cause the page layout to be inconsistent, however.

[40

] (./6_Chapter_5_GroundMeasurements.tex
Chapter 5.
[41

]

Package Fancyhdr Warning: \headheight is too small (12.0pt): 
 Make it at least 13.59999pt.
 We now make it that large for the rest of the document.
 This may cause the page layout to be inconsistent, however.

[42]

Package Fancyhdr Warning: \headheight is too small (12.0pt): 
 Make it at least 13.59999pt.
 We now make it that large for the rest of the document.
 This may cause the page layout to be inconsistent, however.

[43]

Package Fancyhdr Warning: \headheight is too small (12.0pt): 
 Make it at least 13.59999pt.
 We now make it that large for the rest of the document.
 This may cause the page layout to be inconsistent, however.

[44])

Package Fancyhdr Warning: \headheight is too small (12.0pt): 
 Make it at least 13.59999pt.
 We now make it that large for the rest of the document.
 This may cause the page layout to be inconsistent, however.

[45]

Package Fancyhdr Warning: \headheight is too small (12.0pt): 
 Make it at least 13.59999pt.
 We now make it that large for the rest of the document.
 This may cause the page layout to be inconsistent, however.

[46

] (./7_Chapter_6_Conclusion.tex
Chapter 6.
) [47

]

Package Fancyhdr Warning: \headheight is too small (12.0pt): 
 Make it at least 13.59999pt.
 We now make it that large for the rest of the document.
 This may cause the page layout to be inconsistent, however.

[48

] (./8_References.tex
Underfull \hbox (badness 2809) in paragraph at lines 59--60
\OT1/cmr/m/n/12 proved ini-tial-iza-tion in-ver-sion method: a high res-o-lu-ti
on phys-i-cal method
 []

[49

]

Package Fancyhdr Warning: \headheight is too small (12.0pt): 
 Make it at least 13.59999pt.
 We now make it that large for the rest of the document.
 This may cause the page layout to be inconsistent, however.

[50]
Underfull \hbox (badness 4120) in paragraph at lines 99--100
[]\OT1/cmr/m/n/12 HULLEY, G. and HOOK, S.J. \OT1/cmr/m/it/12 HyspIRI Level-2 Th
er-mal In-frared (TIR)
 []


Underfull \hbox (badness 10000) in paragraph at lines 99--100
\OT1/cmr/m/it/12 Land Sur-face Tem-per-a-ture and Emis-siv-ity Al-go-rithm The-
o-ret-i-cal Ba-
 []


Underfull \hbox (badness 5189) in paragraph at lines 99--100
\OT1/cmr/m/it/12 sis Doc-u-ment \OT1/cmr/m/n/12 [on-line]. Pasadena, Cal-i-for-
nia: Jet Propul-sion Lab-o-ra-tory,
 []


Underfull \hbox (badness 6944) in paragraph at lines 99--100
\OT1/cmr/m/n/12 Cal-i-for-nia In-sti-tute of Tech-nol-ogy, 2011. [cit. 2016-01-
19]. Avail-able at:
 []


Underfull \hbox (badness 10000) in paragraph at lines 99--100
\OT1/cmr/m/n/12 https://hyspiri.jpl.nasa.gov/downloads/Algorithm[]Theoretical[]
Basis/HyspIRI[]L2
 []


Package Fancyhdr Warning: \headheight is too small (12.0pt): 
 Make it at least 13.59999pt.
 We now make it that large for the rest of the document.
 This may cause the page layout to be inconsistent, however.

[51]
Underfull \hbox (badness 3471) in paragraph at lines 107--108
[]\OT1/cmr/m/n/12 JIM[]ENEZ-MU[]NOZ, J.C., CRISTO-BAL, J., SO-BRINO, J.A., SO-R
IA, G.,
 []


Package Fancyhdr Warning: \headheight is too small (12.0pt): 
 Make it at least 13.59999pt.
 We now make it that large for the rest of the document.
 This may cause the page layout to be inconsistent, however.

[52]

Package Fancyhdr Warning: \headheight is too small (12.0pt): 
 Make it at least 13.59999pt.
 We now make it that large for the rest of the document.
 This may cause the page layout to be inconsistent, however.

[53]
Underfull \hbox (badness 2245) in paragraph at lines 149--150
\OT1/cmr/m/n/12 F. Sur-face emis-siv-ity re-trieval from Dig-i-tal Air-borne Im
ag-ing Spec-trom-e-ter
 []


Package Fancyhdr Warning: \headheight is too small (12.0pt): 
 Make it at least 13.59999pt.
 We now make it that large for the rest of the document.
 This may cause the page layout to be inconsistent, however.

[54]

Package Fancyhdr Warning: \headheight is too small (12.0pt): 
 Make it at least 13.59999pt.
 We now make it that large for the rest of the document.
 This may cause the page layout to be inconsistent, however.

[55])
Package atveryend Info: Empty hook `BeforeClearDocument' on input line 370.


Package Fancyhdr Warning: \headheight is too small (12.0pt): 
 Make it at least 13.59999pt.
 We now make it that large for the rest of the document.
 This may cause the page layout to be inconsistent, however.

[56]
Package atveryend Info: Empty hook `AfterLastShipout' on input line 370.
 (./main.aux)
Package atveryend Info: Executing hook `AtVeryEndDocument' on input line 370.
Package atveryend Info: Executing hook `AtEndAfterFileList' on input line 370.
Package rerunfilecheck Info: File `main.out' has not changed.
(rerunfilecheck)             Checksum: 924777D98E87788CFF1677469DB1D765;1416.


LaTeX Font Warning: Size substitutions with differences
(Font)              up to 15.12pt have occurred.


LaTeX Warning: There were undefined references.


LaTeX Warning: There were multiply-defined labels.

Package atveryend Info: Empty hook `AtVeryVeryEnd' on input line 370.
 ) 
Here is how much of TeX's memory you used:
 20828 strings out of 493089
 381938 string characters out of 6134842
 439020 words of memory out of 5000000
 23759 multiletter control sequences out of 15000+600000
 29833 words of font info for 100 fonts, out of 8000000 for 9000
 1141 hyphenation exceptions out of 8191
 39i,12n,48p,10392b,1084s stack positions out of 5000i,500n,10000p,200000b,80000s
{/usr/local/texlive/2015/texmf-dist/fonts/enc/dvips/cm-super/cm-super-ts1.enc
}{/usr/local/texlive/2015/texmf-dist/fonts/enc/dvips/lm/lm-rm.enc}</usr/local/t
exlive/2015/texmf-dist/fonts/type1/public/amsfonts/cm/cmbx10.pfb></usr/local/te
xlive/2015/texmf-dist/fonts/type1/public/amsfonts/cm/cmbx12.pfb></usr/local/tex
live/2015/texmf-dist/fonts/type1/public/amsfonts/cm/cmcsc10.pfb></usr/local/tex
live/2015/texmf-dist/fonts/type1/public/amsfonts/cm/cmex10.pfb></usr/local/texl
ive/2015/texmf-dist/fonts/type1/public/amsfonts/cm/cmmi10.pfb></usr/local/texli
ve/2015/texmf-dist/fonts/type1/public/amsfonts/cm/cmmi12.pfb></usr/local/texliv
e/2015/texmf-dist/fonts/type1/public/amsfonts/cm/cmmi5.pfb></usr/local/texlive/
2015/texmf-dist/fonts/type1/public/amsfonts/cm/cmmi6.pfb></usr/local/texlive/20
15/texmf-dist/fonts/type1/public/amsfonts/cm/cmmi7.pfb></usr/local/texlive/2015
/texmf-dist/fonts/type1/public/amsfonts/cm/cmmi8.pfb></usr/local/texlive/2015/t
exmf-dist/fonts/type1/public/amsfonts/cm/cmr10.pfb></usr/local/texlive/2015/tex
mf-dist/fonts/type1/public/amsfonts/cm/cmr12.pfb></usr/local/texlive/2015/texmf
-dist/fonts/type1/public/amsfonts/cm/cmr5.pfb></usr/local/texlive/2015/texmf-di
st/fonts/type1/public/amsfonts/cm/cmr6.pfb></usr/local/texlive/2015/texmf-dist/
fonts/type1/public/amsfonts/cm/cmr7.pfb></usr/local/texlive/2015/texmf-dist/fon
ts/type1/public/amsfonts/cm/cmr8.pfb></usr/local/texlive/2015/texmf-dist/fonts/
type1/public/amsfonts/cm/cmss10.pfb></usr/local/texlive/2015/texmf-dist/fonts/t
ype1/public/amsfonts/cm/cmss12.pfb></usr/local/texlive/2015/texmf-dist/fonts/ty
pe1/public/amsfonts/cm/cmss17.pfb></usr/local/texlive/2015/texmf-dist/fonts/typ
e1/public/amsfonts/cm/cmssbx10.pfb></usr/local/texlive/2015/texmf-dist/fonts/ty
pe1/public/amsfonts/cm/cmsy10.pfb></usr/local/texlive/2015/texmf-dist/fonts/typ
e1/public/amsfonts/cm/cmsy5.pfb></usr/local/texlive/2015/texmf-dist/fonts/type1
/public/amsfonts/cm/cmsy7.pfb></usr/local/texlive/2015/texmf-dist/fonts/type1/p
ublic/amsfonts/cm/cmsy8.pfb></usr/local/texlive/2015/texmf-dist/fonts/type1/pub
lic/amsfonts/cm/cmti12.pfb></usr/local/texlive/2015/texmf-dist/fonts/type1/publ
ic/lm/lmbx12.pfb></usr/local/texlive/2015/texmf-dist/fonts/type1/public/cm-supe
r/sfrm1200.pfb>
Output written on main.pdf (56 pages, 3742358 bytes).
PDF statistics:
 1033 PDF objects out of 1200 (max. 8388607)
 867 compressed objects within 9 object streams
 214 named destinations out of 1000 (max. 500000)
 329 words of extra memory for PDF output out of 10000 (max. 10000000)

